<?xml version="1.0" encoding="UTF-8"?>
<testng-results skipped="0" failed="0" ignored="0"
	total="1" passed="1">
	<reporter-output>
	</reporter-output>
	<suite name="Default suite" duration-ms="39"
		started-at="2020-08-12T13:49:48 MESZ"
		finished-at="2020-08-12T13:49:48 MESZ">
		<groups>
		</groups>
		<test name="Default test" duration-ms="39"
			started-at="2020-08-12T13:49:48 MESZ"
			finished-at="2020-08-12T13:49:48 MESZ">
			<class name="makeInput.ExcecutionEngine">
				<test-method status="PASS"
					signature="preperation()[pri:0, instance:makeInput.ExcecutionEngine@6acdbdf5]"
					name="preperation" is-config="true" duration-ms="7"
					started-at="2020-08-12T13:49:48 MESZ"
					finished-at="2020-08-12T13:49:48 MESZ">
					<reporter-output>
					</reporter-output>
				</test-method> <!-- preperation -->
				<test-method status="PASS"
					signature="testJUnitMessage()[pri:0, instance:makeInput.ExcecutionEngine@6acdbdf5]"
					name="testJUnitMessage" duration-ms="4"
					started-at="2020-08-12T13:49:48 MESZ"
					finished-at="2020-08-12T13:49:48 MESZ">
					<reporter-output>
					</reporter-output>
				</test-method> <!-- testJUnitMessage -->
			</class> <!-- makeInput.ExcecutionEngine -->
		</test> <!-- Default test -->
	</suite> <!-- Default suite -->
</testng-results>
